Build started 2/12/2016 10:31:45 AM.
     1>Project "C:\Users\Sean\Desktop\Project1Sean\Program\Comp_Phys_Project_1.vcxproj" on node 2 (build target(s)).
     1>InitializeBuildStatus:
         Creating "Debug\Comp_Phys_Project_1.unsuccessfulbuild" because "AlwaysCreate" was specified.
       ClCompile:
         C:\Program Files (x86)\Microsoft Visual Studio 10.0\VC\bin\CL.exe /c /Zi /nologo /W3 /WX- /Od /Oy- /D _MBCS /Gm /EHsc /RTC1 /MDd /GS /fp:precise /Zc:wchar_t /Zc:forScope /Fo"Debug\\" /Fd"Debug\vc100.pdb" /Gd /TP /analyze- /errorReport:prompt MatrixLibrary.cpp Project1.2.cpp
         Project1.2.cpp
         MatrixLibrary.cpp
     1>MatrixLibrary.cpp(657): warning C4244: '=' : conversion from 'double' to 'float', possible loss of data
     1>MatrixLibrary.cpp(658): warning C4244: '=' : conversion from 'double' to 'float', possible loss of data
     1>MatrixLibrary.cpp(1464): warning C4101: 'fb' : unreferenced local variable
     1>MatrixLibrary.cpp(1464): warning C4101: 'fa' : unreferenced local variable
         Generating Code...
       Link:
         C:\Program Files (x86)\Microsoft Visual Studio 10.0\VC\bin\link.exe /ERRORREPORT:PROMPT /OUT:"C:\Users\Sean\Desktop\Project1Sean\Program\Debug\Comp_Phys_Project_1.exe" /NOLOGO kernel32.lib user32.lib gdi32.lib winspool.lib comdlg32.lib advapi32.lib shell32.lib ole32.lib oleaut32.lib uuid.lib odbc32.lib odbccp32.lib /MANIFEST /ManifestFile:"Debug\Comp_Phys_Project_1.exe.intermediate.manifest" /MANIFESTUAC:"level='asInvoker' uiAccess='false'" /DEBUG /PDB:"C:\Users\Sean\Desktop\Project1Sean\Program\Debug\Comp_Phys_Project_1.pdb" /TLBID:1 /DYNAMICBASE /NXCOMPAT /IMPLIB:"C:\Users\Sean\Desktop\Project1Sean\Program\Debug\Comp_Phys_Project_1.lib" /MACHINE:X86 Debug\MatrixLibrary.obj
         Debug\Project1.2.obj
            Creating library C:\Users\Sean\Desktop\Project1Sean\Program\Debug\Comp_Phys_Project_1.lib and object C:\Users\Sean\Desktop\Project1Sean\Program\Debug\Comp_Phys_Project_1.exp
         Comp_Phys_Project_1.vcxproj -> C:\Users\Sean\Desktop\Project1Sean\Program\Debug\Comp_Phys_Project_1.exe
       Manifest:
         C:\Program Files (x86)\Microsoft SDKs\Windows\v7.0A\bin\mt.exe /nologo /verbose /outputresource:"C:\Users\Sean\Desktop\Project1Sean\Program\Debug\Comp_Phys_Project_1.exe;#1" /manifest Debug\Comp_Phys_Project_1.exe.intermediate.manifest
       FinalizeBuildStatus:
         Deleting file "Debug\Comp_Phys_Project_1.unsuccessfulbuild".
         Touching "Debug\Comp_Phys_Project_1.lastbuildstate".
     1>Done Building Project "C:\Users\Sean\Desktop\Project1Sean\Program\Comp_Phys_Project_1.vcxproj" (build target(s)).

Build succeeded.

Time Elapsed 00:00:02.32
