Build started 3/5/2016 3:00:07 PM.
     1>Project "C:\Users\Sean\Desktop\Comp Phys Homework\Comp_Phys_Project_2\Project_2\Project_2\Project_2.vcxproj" on node 2 (build target(s)).
     1>InitializeBuildStatus:
         Creating "Debug\Project_2.unsuccessfulbuild" because "AlwaysCreate" was specified.
       ClCompile:
         C:\Program Files (x86)\Microsoft Visual Studio 10.0\VC\bin\CL.exe /c /ZI /nologo /W3 /WX- /Od /Oy- /D _MBCS /Gm /EHsc /RTC1 /MDd /GS /fp:precise /Zc:wchar_t /Zc:forScope /Fo"Debug\\" /Fd"Debug\vc100.pdb" /Gd /TP /analyze- /errorReport:prompt main1.cpp
         main1.cpp
       Link:
         C:\Program Files (x86)\Microsoft Visual Studio 10.0\VC\bin\link.exe /ERRORREPORT:PROMPT /OUT:"C:\Users\Sean\Desktop\Comp Phys Homework\Comp_Phys_Project_2\Project_2\Debug\Project_2.exe" /NOLOGO kernel32.lib user32.lib gdi32.lib winspool.lib comdlg32.lib advapi32.lib shell32.lib ole32.lib oleaut32.lib uuid.lib odbc32.lib odbccp32.lib /MANIFEST /ManifestFile:"Debug\Project_2.exe.intermediate.manifest" /MANIFESTUAC:"level='asInvoker' uiAccess='false'" /DEBUG /PDB:"C:\Users\Sean\Desktop\Comp Phys Homework\Comp_Phys_Project_2\Project_2\Debug\Project_2.pdb" /TLBID:1 /DYNAMICBASE /NXCOMPAT /IMPLIB:"C:\Users\Sean\Desktop\Comp Phys Homework\Comp_Phys_Project_2\Project_2\Debug\Project_2.lib" /MACHINE:X86 Debug\main1.obj
         Debug\MatrixLibrary.obj
         LINK : C:\Users\Sean\Desktop\Comp Phys Homework\Comp_Phys_Project_2\Project_2\Debug\Project_2.exe not found or not built by the last incremental link; performing full link
            Creating library C:\Users\Sean\Desktop\Comp Phys Homework\Comp_Phys_Project_2\Project_2\Debug\Project_2.lib and object C:\Users\Sean\Desktop\Comp Phys Homework\Comp_Phys_Project_2\Project_2\Debug\Project_2.exp
         Project_2.vcxproj -> C:\Users\Sean\Desktop\Comp Phys Homework\Comp_Phys_Project_2\Project_2\Debug\Project_2.exe
       Manifest:
         C:\Program Files (x86)\Microsoft SDKs\Windows\v7.0A\bin\mt.exe /nologo /verbose /outputresource:"C:\Users\Sean\Desktop\Comp Phys Homework\Comp_Phys_Project_2\Project_2\Debug\Project_2.exe;#1" /manifest Debug\Project_2.exe.intermediate.manifest
       FinalizeBuildStatus:
         Deleting file "Debug\Project_2.unsuccessfulbuild".
         Touching "Debug\Project_2.lastbuildstate".
     1>Done Building Project "C:\Users\Sean\Desktop\Comp Phys Homework\Comp_Phys_Project_2\Project_2\Project_2\Project_2.vcxproj" (build target(s)).

Build succeeded.

Time Elapsed 00:00:01.29
